<?xml version="1.0" encoding="UTF-8"?>
<testsuite xmlns:xsi="http://www.w3.org/2001/XMLSchema-instance" xsi:noNamespaceSchemaLocation="https://maven.apache.org/surefire/maven-surefire-plugin/xsd/surefire-test-report.xsd" version="3.0.2" name="com.keepr.KeeprApplicationSmokeTest" time="5.624" tests="3" errors="0" skipped="0" failures="0">
  <properties>
[...]
</properties>
  <testcase name="allTablesExistAfterMigration" classname="com.keepr.KeeprApplicationSmokeTest" time="0.404">
    <system-out><![CDATA[12:44:55.522 [main] INFO org.springframework.test.context.support.AnnotationConfigContextLoaderUtils -- Could not detect default configuration classes for test class [com.keepr.KeeprApplicationSmokeTest]: KeeprApplicationSmokeTest does not declare any static, non-private, non-final, nested classes annotated with @Configuration.
12:44:55.598 [main] INFO org.springframework.boot.test.context.SpringBootTestContextBootstrapper -- Found @SpringBootConfiguration com.keepr.KeeprApplication for test class com.keepr.KeeprApplicationSmokeTest
12:44:55.673 [main] INFO org.testcontainers.images.PullPolicy -- Image pull policy will be performed by: DefaultPullPolicy()
12:44:55.675 [main] INFO org.testcontainers.utility.ImageNameSubstitutor -- Image name substitution will be performed by: DefaultImageNameSubstitutor (composite of 'ConfigurationFileImageNameSubstitutor' and 'PrefixingImageNameSubstitutor')
12:44:55.700 [main] INFO org.testcontainers.DockerClientFactory -- Testcontainers version: 1.21.4
12:44:55.985 [main] INFO org.testcontainers.dockerclient.DockerClientProviderStrategy -- Found Docker environment with Environment variables, system properties and defaults. Resolved dockerHost=unix:///Users/mohammadali/.docker/run/docker.sock
12:44:55.985 [main] INFO org.testcontainers.DockerClientFactory -- Docker host IP address is localhost
12:44:55.999 [main] INFO org.testcontainers.DockerClientFactory -- Connected to docker: 
  Server Version: 29.2.1
  API Version: 1.53
  Operating System: Docker Desktop
  Total Memory: 7836 MB
  Labels: 
    com.docker.desktop.address=unix:///Users/mohammadali/Library/Containers/com.docker.docker/Data/docker-cli.sock
12:44:56.058 [main] INFO tc.testcontainers/ryuk:0.12.0 -- Creating container for image: testcontainers/ryuk:0.12.0
12:44:56.197 [main] INFO org.testcontainers.utility.RegistryAuthLocator -- Credential helper/store (docker-credential-desktop) does not have credentials for https://index.docker.io/v1/
12:44:56.306 [main] INFO tc.testcontainers/ryuk:0.12.0 -- Container testcontainers/ryuk:0.12.0 is starting: 991b0b2f06e9d7a7ea4d34cdab27101c8e5229c838bcc7ec30cf0201d8b3d0b0
12:44:56.511 [main] INFO tc.testcontainers/ryuk:0.12.0 -- Container testcontainers/ryuk:0.12.0 started in PT0.452672S
12:44:56.515 [main] INFO org.testcontainers.utility.RyukResourceReaper -- Ryuk started - will monitor and terminate Testcontainers containers on JVM exit
12:44:56.515 [main] INFO org.testcontainers.DockerClientFactory -- Checking the system...
12:44:56.515 [main] INFO org.testcontainers.DockerClientFactory -- ✔︎ Docker server version should be at least 1.6.0
12:44:56.515 [main] INFO tc.redis:7 -- Creating container for image: redis:7
12:44:56.555 [main] INFO tc.redis:7 -- Container redis:7 is starting: bf435d37ca360e40b68b53c48893b7af28cf47dd4ce2d2aff3c7f7d107a48e0c
12:44:56.756 [main] INFO tc.redis:7 -- Container redis:7 started in PT0.240266S
12:44:56.756 [main] INFO tc.postgres:16 -- Creating container for image: postgres:16
12:44:56.890 [main] INFO tc.postgres:16 -- Container postgres:16 is starting: 65e1f10c4a66c159bab9687520cd2f2ceb6b07002d25d2ffa8645580739ed594
12:44:57.762 [main] INFO tc.postgres:16 -- Container postgres:16 started in PT1.006437S
12:44:57.763 [main] INFO tc.postgres:16 -- Container is started (JDBC URL: jdbc:postgresql://localhost:56728/keepr_test?loggerLevel=OFF)

  .   ____          _            __ _ _
 /\\ / ___'_ __ _ _(_)_ __  __ _ \ \ \ \
( ( )\___ | '_ | '_| | '_ \/ _` | \ \ \ \
 \\/  ___)| |_)| | | | | || (_| |  ) ) ) )
  '  |____| .__|_| |_|_| |_\__, | / / / /
 =========|_|==============|___/=/_/_/_/

 :: Spring Boot ::                (v3.4.4)

2026-03-31T12:44:57.964+05:30  INFO 33730 --- [keepr-backend] [           main] com.keepr.KeeprApplicationSmokeTest      : Starting KeeprApplicationSmokeTest using Java 21.0.9 with PID 33730 (started by mohammadali in /Users/mohammadali/keepr/keepr-backend)
2026-03-31T12:44:57.964+05:30  INFO 33730 --- [keepr-backend] [           main] com.keepr.KeeprApplicationSmokeTest      : The following 1 profile is active: "test"
2026-03-31T12:44:58.355+05:30  INFO 33730 --- [keepr-backend] [           main] .s.d.r.c.RepositoryConfigurationDelegate : Multiple Spring Data modules found, entering strict repository configuration mode
2026-03-31T12:44:58.356+05:30  INFO 33730 --- [keepr-backend] [           main] .s.d.r.c.RepositoryConfigurationDelegate : Bootstrapping Spring Data JPA repositories in DEFAULT mode.
2026-03-31T12:44:58.371+05:30  INFO 33730 --- [keepr-backend] [           main] .s.d.r.c.RepositoryConfigurationDelegate : Finished Spring Data repository scanning in 9 ms. Found 0 JPA repository interfaces.
2026-03-31T12:44:58.383+05:30  INFO 33730 --- [keepr-backend] [           main] .s.d.r.c.RepositoryConfigurationDelegate : Multiple Spring Data modules found, entering strict repository configuration mode
2026-03-31T12:44:58.384+05:30  INFO 33730 --- [keepr-backend] [           main] .s.d.r.c.RepositoryConfigurationDelegate : Bootstrapping Spring Data Redis repositories in DEFAULT mode.
2026-03-31T12:44:58.393+05:30  INFO 33730 --- [keepr-backend] [           main] .s.d.r.c.RepositoryConfigurationDelegate : Finished Spring Data repository scanning in 3 ms. Found 0 Redis repository interfaces.
2026-03-31T12:44:58.743+05:30  INFO 33730 --- [keepr-backend] [           main] com.zaxxer.hikari.HikariDataSource       : HikariPool-1 - Starting...
2026-03-31T12:44:58.851+05:30  INFO 33730 --- [keepr-backend] [           main] com.zaxxer.hikari.pool.HikariPool        : HikariPool-1 - Added connection org.postgresql.jdbc.PgConnection@174b8d0e
2026-03-31T12:44:58.852+05:30  INFO 33730 --- [keepr-backend] [           main] com.zaxxer.hikari.HikariDataSource       : HikariPool-1 - Start completed.
2026-03-31T12:44:58.869+05:30  INFO 33730 --- [keepr-backend] [           main] org.flywaydb.core.FlywayExecutor         : Database: jdbc:postgresql://localhost:56728/keepr_test?loggerLevel=OFF (PostgreSQL 16.13)
2026-03-31T12:44:58.892+05:30  INFO 33730 --- [keepr-backend] [           main] o.f.c.i.s.JdbcTableSchemaHistory         : Schema history table "public"."flyway_schema_history" does not exist yet
2026-03-31T12:44:58.894+05:30  INFO 33730 --- [keepr-backend] [           main] o.f.core.internal.command.DbValidate     : Successfully validated 10 migrations (execution time 00:00.011s)
2026-03-31T12:44:58.905+05:30  INFO 33730 --- [keepr-backend] [           main] o.f.c.i.s.JdbcTableSchemaHistory         : Creating Schema History table "public"."flyway_schema_history" ...
2026-03-31T12:44:58.959+05:30  INFO 33730 --- [keepr-backend] [           main] o.f.core.internal.command.DbMigrate      : Current version of schema "public": << Empty Schema >>
2026-03-31T12:44:58.964+05:30  INFO 33730 --- [keepr-backend] [           main] o.f.core.internal.command.DbMigrate      : Migrating schema "public" to version "1 - create users and households"
2026-03-31T12:44:58.982+05:30  INFO 33730 --- [keepr-backend] [           main] o.f.core.internal.command.DbMigrate      : Migrating schema "public" to version "2 - create devices"
2026-03-31T12:44:58.991+05:30  INFO 33730 --- [keepr-backend] [           main] o.f.core.internal.command.DbMigrate      : Migrating schema "public" to version "3 - create invoices"
2026-03-31T12:44:58.999+05:30  INFO 33730 --- [keepr-backend] [           main] o.f.core.internal.command.DbMigrate      : Migrating schema "public" to version "4 - create warranties"
2026-03-31T12:44:59.006+05:30  INFO 33730 --- [keepr-backend] [           main] o.f.core.internal.command.DbMigrate      : Migrating schema "public" to version "5 - create extraction jobs"
2026-03-31T12:44:59.013+05:30  INFO 33730 --- [keepr-backend] [           main] o.f.core.internal.command.DbMigrate      : Migrating schema "public" to version "6 - create notifications"
2026-03-31T12:44:59.031+05:30  INFO 33730 --- [keepr-backend] [           main] o.f.core.internal.command.DbMigrate      : Migrating schema "public" to version "7 - create household invites"
2026-03-31T12:44:59.041+05:30  INFO 33730 --- [keepr-backend] [           main] o.f.core.internal.command.DbMigrate      : Migrating schema "public" to version "8 - create user notification preferences"
2026-03-31T12:44:59.051+05:30  INFO 33730 --- [keepr-backend] [           main] o.f.core.internal.command.DbMigrate      : Migrating schema "public" to version "9 - create indexes"
2026-03-31T12:44:59.063+05:30  INFO 33730 --- [keepr-backend] [           main] o.f.core.internal.command.DbMigrate      : Migrating schema "public" to version "10 - create auth otp"
2026-03-31T12:44:59.072+05:30  INFO 33730 --- [keepr-backend] [           main] o.f.core.internal.command.DbMigrate      : Successfully applied 10 migrations to schema "public", now at version v10 (execution time 00:00.046s)
2026-03-31T12:44:59.129+05:30  INFO 33730 --- [keepr-backend] [           main] o.hibernate.jpa.internal.util.LogHelper  : HHH000204: Processing PersistenceUnitInfo [name: default]
2026-03-31T12:44:59.162+05:30  INFO 33730 --- [keepr-backend] [           main] org.hibernate.Version                    : HHH000412: Hibernate ORM core version 6.6.11.Final
2026-03-31T12:44:59.181+05:30  INFO 33730 --- [keepr-backend] [           main] o.h.c.internal.RegionFactoryInitiator    : HHH000026: Second-level cache disabled
2026-03-31T12:44:59.333+05:30  INFO 33730 --- [keepr-backend] [           main] o.s.o.j.p.SpringPersistenceUnitInfo      : No LoadTimeWeaver setup: ignoring JPA class transformer
2026-03-31T12:44:59.372+05:30  WARN 33730 --- [keepr-backend] [           main] org.hibernate.orm.deprecation            : HHH90000025: PostgreSQLDialect does not need to be specified explicitly using 'hibernate.dialect' (remove the property setting and it will be selected by default)
2026-03-31T12:44:59.410+05:30  INFO 33730 --- [keepr-backend] [           main] org.hibernate.orm.connections.pooling    : HHH10001005: Database info:
	Database JDBC URL [Connecting through datasource 'HikariDataSource (HikariPool-1)']
	Database driver: undefined/unknown
	Database version: 16.13
	Autocommit mode: undefined/unknown
	Isolation level: undefined/unknown
	Minimum pool size: undefined/unknown
	Maximum pool size: undefined/unknown
2026-03-31T12:44:59.606+05:30  INFO 33730 --- [keepr-backend] [           main] o.h.e.t.j.p.i.JtaPlatformInitiator       : HHH000489: No JTA platform available (set 'hibernate.transaction.jta.platform' to enable JTA platform integration)
2026-03-31T12:44:59.608+05:30  INFO 33730 --- [keepr-backend] [           main] j.LocalContainerEntityManagerFactoryBean : Initialized JPA EntityManagerFactory for persistence unit 'default'
2026-03-31T12:44:59.652+05:30  WARN 33730 --- [keepr-backend] [           main] .s.s.UserDetailsServiceAutoConfiguration : 

Using generated security password: f303d6d8-0781-4d2a-afc3-f0bd51ed0667

This generated password is for development use only. Your security configuration must be updated before running your application in production.

2026-03-31T12:44:59.660+05:30  INFO 33730 --- [keepr-backend] [           main] r$InitializeUserDetailsManagerConfigurer : Global AuthenticationManager configured with UserDetailsService bean with name inMemoryUserDetailsManager
2026-03-31T12:45:00.169+05:30  INFO 33730 --- [keepr-backend] [           main] o.s.b.t.m.w.SpringBootMockServletContext : Initializing Spring TestDispatcherServlet ''
2026-03-31T12:45:00.169+05:30  INFO 33730 --- [keepr-backend] [           main] o.s.t.web.servlet.TestDispatcherServlet  : Initializing Servlet ''
2026-03-31T12:45:00.170+05:30  INFO 33730 --- [keepr-backend] [           main] o.s.t.web.servlet.TestDispatcherServlet  : Completed initialization in 1 ms
2026-03-31T12:45:00.185+05:30  INFO 33730 --- [keepr-backend] [           main] com.keepr.KeeprApplicationSmokeTest      : Started KeeprApplicationSmokeTest in 2.394 seconds (process running for 5.136)
]]></system-out>
    <system-err><![CDATA[Mockito is currently self-attaching to enable the inline-mock-maker. This will no longer work in future releases of the JDK. Please add Mockito as an agent to your build what is described in Mockito's documentation: https://javadoc.io/doc/org.mockito/mockito-core/latest/org/mockito/Mockito.html#0.3
WARNING: A Java agent has been loaded dynamically (/Users/mohammadali/.m2/repository/net/bytebuddy/byte-buddy-agent/1.15.11/byte-buddy-agent-1.15.11.jar)
WARNING: If a serviceability tool is in use, please run with -XX:+EnableDynamicAgentLoading to hide this warning
WARNING: If a serviceability tool is not in use, please run with -Djdk.instrument.traceUsage for more information
WARNING: Dynamic loading of agents will be disallowed by default in a future release
]]></system-err>
  </testcase>
  <testcase name="contextLoads" classname="com.keepr.KeeprApplicationSmokeTest" time="0.003"/>
  <testcase name="healthEndpointReturnsUpWithSprint" classname="com.keepr.KeeprApplicationSmokeTest" time="0.059"/>
</testsuite>