<?xml version="1.0" encoding="UTF-8"?>
<testsuite xmlns:xsi="http://www.w3.org/2001/XMLSchema-instance" xsi:noNamespaceSchemaLocation="https://maven.apache.org/surefire/maven-surefire-plugin/xsd/surefire-test-report.xsd" version="3.0.2" name="com.keepr.KeeprApplicationSmokeTest" time="1.961" tests="3" errors="0" skipped="0" failures="0">
  <properties>
[...]
</properties>
  <testcase name="allTablesExistAfterMigration" classname="com.keepr.KeeprApplicationSmokeTest" time="0.005">
    <system-out><![CDATA[2026-03-31T15:26:55.442+05:30  INFO 41027 --- [keepr-backend] [           main] t.c.s.AnnotationConfigContextLoaderUtils : Could not detect default configuration classes for test class [com.keepr.KeeprApplicationSmokeTest]: KeeprApplicationSmokeTest does not declare any static, non-private, non-final, nested classes annotated with @Configuration.
2026-03-31T15:26:55.449+05:30  INFO 41027 --- [keepr-backend] [           main] .b.t.c.SpringBootTestContextBootstrapper : Found @SpringBootConfiguration com.keepr.KeeprApplication for test class com.keepr.KeeprApplicationSmokeTest
2026-03-31T15:26:55.450+05:30  INFO 41027 --- [keepr-backend] [           main] tc.redis:7                               : Creating container for image: redis:7
2026-03-31T15:26:55.491+05:30  INFO 41027 --- [keepr-backend] [           main] tc.redis:7                               : Container redis:7 is starting: f39e0acb85e1d109a0d69eff01f74ac4378bc2ff320a52fa57e8912c9e7f3d4a
2026-03-31T15:26:55.686+05:30  INFO 41027 --- [keepr-backend] [           main] tc.redis:7                               : Container redis:7 started in PT0.235367S
2026-03-31T15:26:55.686+05:30  INFO 41027 --- [keepr-backend] [           main] tc.postgres:16                           : Creating container for image: postgres:16
2026-03-31T15:26:55.728+05:30  INFO 41027 --- [keepr-backend] [           main] tc.postgres:16                           : Container postgres:16 is starting: c9078ea6a3867dd0acce6129eb12dcafb6cecb3a64ab4e7a1a022deae41a5339
2026-03-31T15:26:56.522+05:30  INFO 41027 --- [keepr-backend] [           main] tc.postgres:16                           : Container postgres:16 started in PT0.835734S
2026-03-31T15:26:56.522+05:30  INFO 41027 --- [keepr-backend] [           main] tc.postgres:16                           : Container is started (JDBC URL: jdbc:postgresql://localhost:57770/keepr_test?loggerLevel=OFF)

  .   ____          _            __ _ _
 /\\ / ___'_ __ _ _(_)_ __  __ _ \ \ \ \
( ( )\___ | '_ | '_| | '_ \/ _` | \ \ \ \
 \\/  ___)| |_)| | | | | || (_| |  ) ) ) )
  '  |____| .__|_| |_|_| |_\__, | / / / /
 =========|_|==============|___/=/_/_/_/

 :: Spring Boot ::                (v3.4.4)

2026-03-31T15:26:56.548+05:30  INFO 41027 --- [keepr-backend] [           main] com.keepr.KeeprApplicationSmokeTest      : Starting KeeprApplicationSmokeTest using Java 21.0.9 with PID 41027 (started by mohammadali in /Users/mohammadali/keepr/keepr-backend)
2026-03-31T15:26:56.548+05:30  INFO 41027 --- [keepr-backend] [           main] com.keepr.KeeprApplicationSmokeTest      : The following 1 profile is active: "test"
2026-03-31T15:26:56.619+05:30  INFO 41027 --- [keepr-backend] [           main] .s.d.r.c.RepositoryConfigurationDelegate : Multiple Spring Data modules found, entering strict repository configuration mode
2026-03-31T15:26:56.619+05:30  INFO 41027 --- [keepr-backend] [           main] .s.d.r.c.RepositoryConfigurationDelegate : Bootstrapping Spring Data JPA repositories in DEFAULT mode.
2026-03-31T15:26:56.629+05:30  INFO 41027 --- [keepr-backend] [           main] .s.d.r.c.RepositoryConfigurationDelegate : Finished Spring Data repository scanning in 9 ms. Found 5 JPA repository interfaces.
2026-03-31T15:26:56.631+05:30  INFO 41027 --- [keepr-backend] [           main] .s.d.r.c.RepositoryConfigurationDelegate : Multiple Spring Data modules found, entering strict repository configuration mode
2026-03-31T15:26:56.631+05:30  INFO 41027 --- [keepr-backend] [           main] .s.d.r.c.RepositoryConfigurationDelegate : Bootstrapping Spring Data Redis repositories in DEFAULT mode.
2026-03-31T15:26:56.635+05:30  INFO 41027 --- [keepr-backend] [           main] .RepositoryConfigurationExtensionSupport : Spring Data Redis - Could not safely identify store assignment for repository candidate interface com.keepr.auth.repository.AuthOtpRepository; If you want this repository to be a Redis repository, consider annotating your entities with one of these annotations: org.springframework.data.redis.core.RedisHash (preferred), or consider extending one of the following types with your repository: org.springframework.data.keyvalue.repository.KeyValueRepository
2026-03-31T15:26:56.635+05:30  INFO 41027 --- [keepr-backend] [           main] .RepositoryConfigurationExtensionSupport : Spring Data Redis - Could not safely identify store assignment for repository candidate interface com.keepr.auth.repository.HouseholdRepository; If you want this repository to be a Redis repository, consider annotating your entities with one of these annotations: org.springframework.data.redis.core.RedisHash (preferred), or consider extending one of the following types with your repository: org.springframework.data.keyvalue.repository.KeyValueRepository
2026-03-31T15:26:56.635+05:30  INFO 41027 --- [keepr-backend] [           main] .RepositoryConfigurationExtensionSupport : Spring Data Redis - Could not safely identify store assignment for repository candidate interface com.keepr.auth.repository.UserRepository; If you want this repository to be a Redis repository, consider annotating your entities with one of these annotations: org.springframework.data.redis.core.RedisHash (preferred), or consider extending one of the following types with your repository: org.springframework.data.keyvalue.repository.KeyValueRepository
2026-03-31T15:26:56.635+05:30  INFO 41027 --- [keepr-backend] [           main] .RepositoryConfigurationExtensionSupport : Spring Data Redis - Could not safely identify store assignment for repository candidate interface com.keepr.device.repository.DeviceRepository; If you want this repository to be a Redis repository, consider annotating your entities with one of these annotations: org.springframework.data.redis.core.RedisHash (preferred), or consider extending one of the following types with your repository: org.springframework.data.keyvalue.repository.KeyValueRepository
2026-03-31T15:26:56.635+05:30  INFO 41027 --- [keepr-backend] [           main] .RepositoryConfigurationExtensionSupport : Spring Data Redis - Could not safely identify store assignment for repository candidate interface com.keepr.warranty.repository.WarrantyRepository; If you want this repository to be a Redis repository, consider annotating your entities with one of these annotations: org.springframework.data.redis.core.RedisHash (preferred), or consider extending one of the following types with your repository: org.springframework.data.keyvalue.repository.KeyValueRepository
2026-03-31T15:26:56.635+05:30  INFO 41027 --- [keepr-backend] [           main] .s.d.r.c.RepositoryConfigurationDelegate : Finished Spring Data repository scanning in 3 ms. Found 0 Redis repository interfaces.
2026-03-31T15:26:56.684+05:30  INFO 41027 --- [keepr-backend] [           main] com.zaxxer.hikari.HikariDataSource       : HikariPool-2 - Starting...
2026-03-31T15:26:56.697+05:30  INFO 41027 --- [keepr-backend] [           main] com.zaxxer.hikari.pool.HikariPool        : HikariPool-2 - Added connection org.postgresql.jdbc.PgConnection@5ffe5b7d
2026-03-31T15:26:56.698+05:30  INFO 41027 --- [keepr-backend] [           main] com.zaxxer.hikari.HikariDataSource       : HikariPool-2 - Start completed.
2026-03-31T15:26:56.699+05:30  INFO 41027 --- [keepr-backend] [           main] org.flywaydb.core.FlywayExecutor         : Database: jdbc:postgresql://localhost:57770/keepr_test?loggerLevel=OFF (PostgreSQL 16.13)
2026-03-31T15:26:56.706+05:30  INFO 41027 --- [keepr-backend] [           main] o.f.c.i.s.JdbcTableSchemaHistory         : Schema history table "public"."flyway_schema_history" does not exist yet
2026-03-31T15:26:56.706+05:30  INFO 41027 --- [keepr-backend] [           main] o.f.core.internal.command.DbValidate     : Successfully validated 10 migrations (execution time 00:00.003s)
2026-03-31T15:26:56.712+05:30  INFO 41027 --- [keepr-backend] [           main] o.f.c.i.s.JdbcTableSchemaHistory         : Creating Schema History table "public"."flyway_schema_history" ...
2026-03-31T15:26:56.726+05:30  INFO 41027 --- [keepr-backend] [           main] o.f.core.internal.command.DbMigrate      : Current version of schema "public": << Empty Schema >>
2026-03-31T15:26:56.728+05:30  INFO 41027 --- [keepr-backend] [           main] o.f.core.internal.command.DbMigrate      : Migrating schema "public" to version "1 - create users and households"
2026-03-31T15:26:56.737+05:30  INFO 41027 --- [keepr-backend] [           main] o.f.core.internal.command.DbMigrate      : Migrating schema "public" to version "2 - create devices"
2026-03-31T15:26:56.743+05:30  INFO 41027 --- [keepr-backend] [           main] o.f.core.internal.command.DbMigrate      : Migrating schema "public" to version "3 - create invoices"
2026-03-31T15:26:56.750+05:30  INFO 41027 --- [keepr-backend] [           main] o.f.core.internal.command.DbMigrate      : Migrating schema "public" to version "4 - create warranties"
2026-03-31T15:26:56.758+05:30  INFO 41027 --- [keepr-backend] [           main] o.f.core.internal.command.DbMigrate      : Migrating schema "public" to version "5 - create extraction jobs"
2026-03-31T15:26:56.765+05:30  INFO 41027 --- [keepr-backend] [           main] o.f.core.internal.command.DbMigrate      : Migrating schema "public" to version "6 - create notifications"
2026-03-31T15:26:56.772+05:30  INFO 41027 --- [keepr-backend] [           main] o.f.core.internal.command.DbMigrate      : Migrating schema "public" to version "7 - create household invites"
2026-03-31T15:26:56.778+05:30  INFO 41027 --- [keepr-backend] [           main] o.f.core.internal.command.DbMigrate      : Migrating schema "public" to version "8 - create user notification preferences"
2026-03-31T15:26:56.784+05:30  INFO 41027 --- [keepr-backend] [           main] o.f.core.internal.command.DbMigrate      : Migrating schema "public" to version "9 - create indexes"
2026-03-31T15:26:56.793+05:30  INFO 41027 --- [keepr-backend] [           main] o.f.core.internal.command.DbMigrate      : Migrating schema "public" to version "10 - create auth otp"
2026-03-31T15:26:56.798+05:30  INFO 41027 --- [keepr-backend] [           main] o.f.core.internal.command.DbMigrate      : Successfully applied 10 migrations to schema "public", now at version v10 (execution time 00:00.024s)
2026-03-31T15:26:56.808+05:30  INFO 41027 --- [keepr-backend] [           main] o.hibernate.jpa.internal.util.LogHelper  : HHH000204: Processing PersistenceUnitInfo [name: default]
2026-03-31T15:26:56.809+05:30  INFO 41027 --- [keepr-backend] [           main] o.h.c.internal.RegionFactoryInitiator    : HHH000026: Second-level cache disabled
2026-03-31T15:26:56.814+05:30  INFO 41027 --- [keepr-backend] [           main] o.s.o.j.p.SpringPersistenceUnitInfo      : No LoadTimeWeaver setup: ignoring JPA class transformer
2026-03-31T15:26:56.816+05:30  WARN 41027 --- [keepr-backend] [           main] org.hibernate.orm.deprecation            : HHH90000025: PostgreSQLDialect does not need to be specified explicitly using 'hibernate.dialect' (remove the property setting and it will be selected by default)
2026-03-31T15:26:56.816+05:30  INFO 41027 --- [keepr-backend] [           main] org.hibernate.orm.connections.pooling    : HHH10001005: Database info:
	Database JDBC URL [Connecting through datasource 'HikariDataSource (HikariPool-2)']
	Database driver: undefined/unknown
	Database version: 16.13
	Autocommit mode: undefined/unknown
	Isolation level: undefined/unknown
	Minimum pool size: undefined/unknown
	Maximum pool size: undefined/unknown
2026-03-31T15:26:56.874+05:30  INFO 41027 --- [keepr-backend] [           main] o.h.e.t.j.p.i.JtaPlatformInitiator       : HHH000489: No JTA platform available (set 'hibernate.transaction.jta.platform' to enable JTA platform integration)
2026-03-31T15:26:56.881+05:30  INFO 41027 --- [keepr-backend] [           main] j.LocalContainerEntityManagerFactoryBean : Initialized JPA EntityManagerFactory for persistence unit 'default'
2026-03-31T15:26:56.927+05:30  WARN 41027 --- [keepr-backend] [           main] .s.s.UserDetailsServiceAutoConfiguration : 

Using generated security password: 9b6ffc55-5a9d-4a65-b377-99539a42fc66

This generated password is for development use only. Your security configuration must be updated before running your application in production.

2026-03-31T15:26:56.928+05:30  INFO 41027 --- [keepr-backend] [           main] r$InitializeUserDetailsManagerConfigurer : Global AuthenticationManager configured with UserDetailsService bean with name inMemoryUserDetailsManager
2026-03-31T15:26:57.005+05:30  INFO 41027 --- [keepr-backend] [           main] o.s.b.t.m.w.SpringBootMockServletContext : Initializing Spring TestDispatcherServlet ''
2026-03-31T15:26:57.005+05:30  INFO 41027 --- [keepr-backend] [           main] o.s.t.web.servlet.TestDispatcherServlet  : Initializing Servlet ''
2026-03-31T15:26:57.006+05:30  INFO 41027 --- [keepr-backend] [           main] o.s.t.web.servlet.TestDispatcherServlet  : Completed initialization in 0 ms
2026-03-31T15:26:57.010+05:30  INFO 41027 --- [keepr-backend] [           main] com.keepr.KeeprApplicationSmokeTest      : Started KeeprApplicationSmokeTest in 0.486 seconds (process running for 10.861)
]]></system-out>
  </testcase>
  <testcase name="contextLoads" classname="com.keepr.KeeprApplicationSmokeTest" time="0.002"/>
  <testcase name="healthEndpointReturnsUpWithSprint" classname="com.keepr.KeeprApplicationSmokeTest" time="0.004"/>
</testsuite>